{"/Users/lcariddi/Desktop/Amalgama/Tech/Contact-List-React-JS/Contac-List-Migrate/src/actions/contacts.js": {"path":"/Users/lcariddi/Desktop/Amalgama/Tech/Contact-List-React-JS/Contac-List-Migrate/src/actions/contacts.js","statementMap":{"0":{"start":{"line":4,"column":29},"end":{"line":10,"column":3}},"1":{"start":{"line":4,"column":35},"end":{"line":10,"column":3}},"2":{"start":{"line":4,"column":59},"end":{"line":10,"column":3}},"3":{"start":{"line":8,"column":21},"end":{"line":8,"column":38}},"4":{"start":{"line":12,"column":32},"end":{"line":17,"column":3}},"5":{"start":{"line":12,"column":38},"end":{"line":17,"column":3}},"6":{"start":{"line":12,"column":62},"end":{"line":17,"column":3}},"7":{"start":{"line":16,"column":21},"end":{"line":16,"column":38}}},"fnMap":{"0":{"name":"(anonymous_0)","decl":{"start":{"line":4,"column":29},"end":{"line":4,"column":30}},"loc":{"start":{"line":4,"column":35},"end":{"line":10,"column":3}},"line":4},"1":{"name":"(anonymous_1)","decl":{"start":{"line":4,"column":35},"end":{"line":4,"column":36}},"loc":{"start":{"line":4,"column":59},"end":{"line":10,"column":3}},"line":4},"2":{"name":"(anonymous_2)","decl":{"start":{"line":8,"column":9},"end":{"line":8,"column":10}},"loc":{"start":{"line":8,"column":21},"end":{"line":8,"column":38}},"line":8},"3":{"name":"(anonymous_3)","decl":{"start":{"line":12,"column":32},"end":{"line":12,"column":33}},"loc":{"start":{"line":12,"column":38},"end":{"line":17,"column":3}},"line":12},"4":{"name":"(anonymous_4)","decl":{"start":{"line":12,"column":38},"end":{"line":12,"column":39}},"loc":{"start":{"line":12,"column":62},"end":{"line":17,"column":3}},"line":12},"5":{"name":"(anonymous_5)","decl":{"start":{"line":16,"column":9},"end":{"line":16,"column":10}},"loc":{"start":{"line":16,"column":21},"end":{"line":16,"column":38}},"line":16}},"branchMap":{},"s":{"0":4,"1":1,"2":1,"3":0,"4":4,"5":1,"6":1,"7":0},"f":{"0":1,"1":1,"2":0,"3":1,"4":1,"5":0},"b":{},"_coverageSchema":"1a1c01bbd47fc00a2c39e90264f33305004495a9","hash":"b3298f3a7c3c89c4cc59b526299d37ec588c783e"}
,"/Users/lcariddi/Desktop/Amalgama/Tech/Contact-List-React-JS/Contac-List-Migrate/src/actions/types.js": {"path":"/Users/lcariddi/Desktop/Amalgama/Tech/Contact-List-React-JS/Contac-List-Migrate/src/actions/types.js","statementMap":{"0":{"start":{"line":2,"column":30},"end":{"line":2,"column":46}},"1":{"start":{"line":3,"column":34},"end":{"line":3,"column":54}}},"fnMap":{},"branchMap":{},"s":{"0":5,"1":5},"f":{},"b":{},"_coverageSchema":"1a1c01bbd47fc00a2c39e90264f33305004495a9","hash":"e7bce74117a657e15730ac0b6b379330d7aa0032"}
,"/Users/lcariddi/Desktop/Amalgama/Tech/Contact-List-React-JS/Contac-List-Migrate/src/components/FormComponent.js": {"path":"/Users/lcariddi/Desktop/Amalgama/Tech/Contact-List-React-JS/Contac-List-Migrate/src/components/FormComponent.js","statementMap":{"0":{"start":{"line":4,"column":4},"end":{"line":4,"column":56}},"1":{"start":{"line":4,"column":21},"end":{"line":4,"column":56}},"2":{"start":{"line":6,"column":4},"end":{"line":11,"column":5}}},"fnMap":{"0":{"name":"FormComponent","decl":{"start":{"line":3,"column":9},"end":{"line":3,"column":22}},"loc":{"start":{"line":3,"column":38},"end":{"line":12,"column":1}},"line":3}},"branchMap":{"0":{"loc":{"start":{"line":4,"column":4},"end":{"line":4,"column":56}},"type":"if","locations":[{"start":{"line":4,"column":4},"end":{"line":4,"column":56}},{"start":{"line":4,"column":4},"end":{"line":4,"column":56}}],"line":4}},"s":{"0":2,"1":0,"2":2},"f":{"0":2},"b":{"0":[0,2]},"_coverageSchema":"1a1c01bbd47fc00a2c39e90264f33305004495a9","hash":"15a88bd4a3b30751bb7852bef9738ca9ff544340"}
,"/Users/lcariddi/Desktop/Amalgama/Tech/Contact-List-React-JS/Contac-List-Migrate/src/components/TableComponent.js": {"path":"/Users/lcariddi/Desktop/Amalgama/Tech/Contact-List-React-JS/Contac-List-Migrate/src/components/TableComponent.js","statementMap":{"0":{"start":{"line":6,"column":4},"end":{"line":45,"column":5}},"1":{"start":{"line":25,"column":24},"end":{"line":37,"column":25}}},"fnMap":{"0":{"name":"TableComponent","decl":{"start":{"line":5,"column":9},"end":{"line":5,"column":23}},"loc":{"start":{"line":5,"column":40},"end":{"line":46,"column":1}},"line":5},"1":{"name":"(anonymous_1)","decl":{"start":{"line":24,"column":33},"end":{"line":24,"column":34}},"loc":{"start":{"line":24,"column":38},"end":{"line":38,"column":25}},"line":24}},"branchMap":{"0":{"loc":{"start":{"line":23,"column":20},"end":{"line":41,"column":43}},"type":"cond-expr","locations":[{"start":{"line":24,"column":20},"end":{"line":39,"column":21}},{"start":{"line":41,"column":20},"end":{"line":41,"column":43}}],"line":23},"1":{"loc":{"start":{"line":23,"column":20},"end":{"line":23,"column":47}},"type":"binary-expr","locations":[{"start":{"line":23,"column":20},"end":{"line":23,"column":28}},{"start":{"line":23,"column":32},"end":{"line":23,"column":47}}],"line":23}},"s":{"0":1,"1":2},"f":{"0":1,"1":2},"b":{"0":[1,0],"1":[1,1]},"_coverageSchema":"1a1c01bbd47fc00a2c39e90264f33305004495a9","hash":"b3ef3ff800f1a66ae80b3b5469c147569d2c4cdb"}
,"/Users/lcariddi/Desktop/Amalgama/Tech/Contact-List-React-JS/Contac-List-Migrate/src/containers/contacts/ContainerListContacts.js": {"path":"/Users/lcariddi/Desktop/Amalgama/Tech/Contact-List-React-JS/Contac-List-Migrate/src/containers/contacts/ContainerListContacts.js","statementMap":{"0":{"start":{"line":9,"column":2},"end":{"line":9,"column":49}},"1":{"start":{"line":9,"column":26},"end":{"line":9,"column":47}},"2":{"start":{"line":12,"column":21},"end":{"line":12,"column":48}},"3":{"start":{"line":14,"column":22},"end":{"line":14,"column":50}},"4":{"start":{"line":17,"column":29},"end":{"line":17,"column":33}},"5":{"start":{"line":19,"column":2},"end":{"line":24,"column":9}},"6":{"start":{"line":28,"column":0},"end":{"line":31,"column":2}},"7":{"start":{"line":33,"column":0},"end":{"line":35,"column":2}},"8":{"start":{"line":37,"column":55},"end":{"line":40,"column":1}}},"fnMap":{"0":{"name":"(anonymous_0)","decl":{"start":{"line":8,"column":4},"end":{"line":8,"column":5}},"loc":{"start":{"line":8,"column":25},"end":{"line":10,"column":2}},"line":8},"1":{"name":"(anonymous_1)","decl":{"start":{"line":12,"column":4},"end":{"line":12,"column":5}},"loc":{"start":{"line":12,"column":19},"end":{"line":12,"column":50}},"line":12},"2":{"name":"(anonymous_2)","decl":{"start":{"line":14,"column":4},"end":{"line":14,"column":5}},"loc":{"start":{"line":14,"column":20},"end":{"line":14,"column":52}},"line":14},"3":{"name":"(anonymous_3)","decl":{"start":{"line":16,"column":1},"end":{"line":16,"column":2}},"loc":{"start":{"line":16,"column":10},"end":{"line":25,"column":5}},"line":16},"4":{"name":"(anonymous_4)","decl":{"start":{"line":37,"column":33},"end":{"line":37,"column":34}},"loc":{"start":{"line":37,"column":55},"end":{"line":40,"column":1}},"line":37}},"branchMap":{"0":{"loc":{"start":{"line":9,"column":2},"end":{"line":9,"column":49}},"type":"if","locations":[{"start":{"line":9,"column":2},"end":{"line":9,"column":49}},{"start":{"line":9,"column":2},"end":{"line":9,"column":49}}],"line":9}},"s":{"0":1,"1":1,"2":2,"3":1,"4":1,"5":1,"6":2,"7":2,"8":0},"f":{"0":1,"1":2,"2":1,"3":1,"4":0},"b":{"0":[1,0]},"_coverageSchema":"1a1c01bbd47fc00a2c39e90264f33305004495a9","hash":"20276076e5c4f2e4e70f22fb2ffe08c5af86c3ac"}
,"/Users/lcariddi/Desktop/Amalgama/Tech/Contact-List-React-JS/Contac-List-Migrate/src/containers/contacts/ContainerViewContact.js": {"path":"/Users/lcariddi/Desktop/Amalgama/Tech/Contact-List-React-JS/Contac-List-Migrate/src/containers/contacts/ContainerViewContact.js","statementMap":{"0":{"start":{"line":9,"column":23},"end":{"line":9,"column":46}},"1":{"start":{"line":10,"column":2},"end":{"line":10,"column":57}},"2":{"start":{"line":10,"column":29},"end":{"line":10,"column":55}},"3":{"start":{"line":13,"column":24},"end":{"line":13,"column":54}},"4":{"start":{"line":15,"column":25},"end":{"line":15,"column":83}},"5":{"start":{"line":18,"column":32},"end":{"line":18,"column":36}},"6":{"start":{"line":20,"column":2},"end":{"line":25,"column":9}},"7":{"start":{"line":29,"column":0},"end":{"line":32,"column":2}},"8":{"start":{"line":34,"column":0},"end":{"line":36,"column":2}},"9":{"start":{"line":38,"column":55},"end":{"line":41,"column":1}}},"fnMap":{"0":{"name":"(anonymous_0)","decl":{"start":{"line":8,"column":4},"end":{"line":8,"column":5}},"loc":{"start":{"line":8,"column":25},"end":{"line":11,"column":2}},"line":8},"1":{"name":"(anonymous_1)","decl":{"start":{"line":13,"column":4},"end":{"line":13,"column":5}},"loc":{"start":{"line":13,"column":22},"end":{"line":13,"column":56}},"line":13},"2":{"name":"(anonymous_2)","decl":{"start":{"line":15,"column":4},"end":{"line":15,"column":5}},"loc":{"start":{"line":15,"column":23},"end":{"line":15,"column":85}},"line":15},"3":{"name":"(anonymous_3)","decl":{"start":{"line":17,"column":1},"end":{"line":17,"column":2}},"loc":{"start":{"line":17,"column":10},"end":{"line":26,"column":5}},"line":17},"4":{"name":"(anonymous_4)","decl":{"start":{"line":38,"column":33},"end":{"line":38,"column":34}},"loc":{"start":{"line":38,"column":55},"end":{"line":41,"column":1}},"line":38}},"branchMap":{"0":{"loc":{"start":{"line":10,"column":2},"end":{"line":10,"column":57}},"type":"if","locations":[{"start":{"line":10,"column":2},"end":{"line":10,"column":57}},{"start":{"line":10,"column":2},"end":{"line":10,"column":57}}],"line":10}},"s":{"0":1,"1":1,"2":1,"3":2,"4":1,"5":1,"6":1,"7":2,"8":2,"9":0},"f":{"0":1,"1":2,"2":1,"3":1,"4":0},"b":{"0":[1,0]},"_coverageSchema":"1a1c01bbd47fc00a2c39e90264f33305004495a9","hash":"0caf3ffae55fab602380c0f4aafbaec7de93ea18"}
,"/Users/lcariddi/Desktop/Amalgama/Tech/Contact-List-React-JS/Contac-List-Migrate/src/lib/reduxUtils.js": {"path":"/Users/lcariddi/Desktop/Amalgama/Tech/Contact-List-React-JS/Contac-List-Migrate/src/lib/reduxUtils.js","statementMap":{"0":{"start":{"line":3,"column":40},"end":{"line":3,"column":87}},"1":{"start":{"line":5,"column":33},"end":{"line":15,"column":3}},"2":{"start":{"line":5,"column":54},"end":{"line":15,"column":3}},"3":{"start":{"line":6,"column":23},"end":{"line":8,"column":2}},"4":{"start":{"line":9,"column":25},"end":{"line":11,"column":2}},"5":{"start":{"line":12,"column":25},"end":{"line":14,"column":2}},"6":{"start":{"line":17,"column":38},"end":{"line":32,"column":2}},"7":{"start":{"line":18,"column":1},"end":{"line":32,"column":2}},"8":{"start":{"line":19,"column":2},"end":{"line":21,"column":3}},"9":{"start":{"line":20,"column":3},"end":{"line":20,"column":43}},"10":{"start":{"line":23,"column":19},"end":{"line":23,"column":25}},"11":{"start":{"line":24,"column":2},"end":{"line":31,"column":3}},"12":{"start":{"line":26,"column":3},"end":{"line":26,"column":45}},"13":{"start":{"line":28,"column":3},"end":{"line":28,"column":35}},"14":{"start":{"line":30,"column":3},"end":{"line":30,"column":16}},"15":{"start":{"line":34,"column":29},"end":{"line":35,"column":46}},"16":{"start":{"line":35,"column":1},"end":{"line":35,"column":46}}},"fnMap":{"0":{"name":"(anonymous_0)","decl":{"start":{"line":5,"column":33},"end":{"line":5,"column":34}},"loc":{"start":{"line":5,"column":54},"end":{"line":15,"column":3}},"line":5},"1":{"name":"(anonymous_1)","decl":{"start":{"line":6,"column":8},"end":{"line":6,"column":9}},"loc":{"start":{"line":6,"column":23},"end":{"line":8,"column":2}},"line":6},"2":{"name":"(anonymous_2)","decl":{"start":{"line":9,"column":10},"end":{"line":9,"column":11}},"loc":{"start":{"line":9,"column":25},"end":{"line":11,"column":2}},"line":9},"3":{"name":"(anonymous_3)","decl":{"start":{"line":12,"column":10},"end":{"line":12,"column":11}},"loc":{"start":{"line":12,"column":25},"end":{"line":14,"column":2}},"line":12},"4":{"name":"(anonymous_4)","decl":{"start":{"line":17,"column":38},"end":{"line":17,"column":39}},"loc":{"start":{"line":18,"column":1},"end":{"line":32,"column":2}},"line":18},"5":{"name":"(anonymous_5)","decl":{"start":{"line":18,"column":1},"end":{"line":18,"column":2}},"loc":{"start":{"line":18,"column":49},"end":{"line":32,"column":2}},"line":18},"6":{"name":"(anonymous_6)","decl":{"start":{"line":34,"column":29},"end":{"line":34,"column":30}},"loc":{"start":{"line":35,"column":1},"end":{"line":35,"column":46}},"line":35}},"branchMap":{"0":{"loc":{"start":{"line":17,"column":52},"end":{"line":17,"column":79}},"type":"default-arg","locations":[{"start":{"line":17,"column":70},"end":{"line":17,"column":79}}],"line":17},"1":{"loc":{"start":{"line":18,"column":3},"end":{"line":18,"column":35}},"type":"default-arg","locations":[{"start":{"line":18,"column":11},"end":{"line":18,"column":35}}],"line":18},"2":{"loc":{"start":{"line":19,"column":2},"end":{"line":21,"column":3}},"type":"if","locations":[{"start":{"line":19,"column":2},"end":{"line":21,"column":3}},{"start":{"line":19,"column":2},"end":{"line":21,"column":3}}],"line":19},"3":{"loc":{"start":{"line":24,"column":2},"end":{"line":31,"column":3}},"type":"switch","locations":[{"start":{"line":25,"column":2},"end":{"line":26,"column":45}},{"start":{"line":27,"column":2},"end":{"line":28,"column":35}},{"start":{"line":29,"column":2},"end":{"line":30,"column":16}}],"line":24}},"s":{"0":1,"1":1,"2":3,"3":1,"4":1,"5":1,"6":1,"7":2,"8":3,"9":1,"10":3,"11":3,"12":3,"13":0,"14":0,"15":1,"16":5},"f":{"0":3,"1":1,"2":1,"3":1,"4":2,"5":3,"6":5},"b":{"0":[2],"1":[0],"2":[1,2],"3":[3,0,0]},"_coverageSchema":"1a1c01bbd47fc00a2c39e90264f33305004495a9","hash":"45b8dd1fa119ed94c4954b4d2ff544e56ff89cd7"}
,"/Users/lcariddi/Desktop/Amalgama/Tech/Contact-List-React-JS/Contac-List-Migrate/src/reducers/contacts.js": {"path":"/Users/lcariddi/Desktop/Amalgama/Tech/Contact-List-React-JS/Contac-List-Migrate/src/reducers/contacts.js","statementMap":{"0":{"start":{"line":4,"column":36},"end":{"line":4,"column":76}},"1":{"start":{"line":5,"column":39},"end":{"line":5,"column":83}},"2":{"start":{"line":7,"column":24},"end":{"line":22,"column":1}},"3":{"start":{"line":8,"column":1},"end":{"line":21,"column":2}},"4":{"start":{"line":10,"column":2},"end":{"line":13,"column":6}},"5":{"start":{"line":11,"column":20},"end":{"line":11,"column":34}},"6":{"start":{"line":12,"column":3},"end":{"line":12,"column":47}},"7":{"start":{"line":15,"column":2},"end":{"line":18,"column":6}},"8":{"start":{"line":16,"column":23},"end":{"line":16,"column":37}},"9":{"start":{"line":17,"column":3},"end":{"line":17,"column":53}},"10":{"start":{"line":20,"column":2},"end":{"line":20,"column":15}}},"fnMap":{"0":{"name":"(anonymous_0)","decl":{"start":{"line":7,"column":24},"end":{"line":7,"column":25}},"loc":{"start":{"line":7,"column":50},"end":{"line":22,"column":1}},"line":7},"1":{"name":"(anonymous_1)","decl":{"start":{"line":10,"column":39},"end":{"line":10,"column":40}},"loc":{"start":{"line":10,"column":56},"end":{"line":13,"column":3}},"line":10},"2":{"name":"(anonymous_2)","decl":{"start":{"line":15,"column":39},"end":{"line":15,"column":40}},"loc":{"start":{"line":15,"column":56},"end":{"line":18,"column":3}},"line":15}},"branchMap":{"0":{"loc":{"start":{"line":7,"column":26},"end":{"line":7,"column":36}},"type":"default-arg","locations":[{"start":{"line":7,"column":34},"end":{"line":7,"column":36}}],"line":7},"1":{"loc":{"start":{"line":8,"column":1},"end":{"line":21,"column":2}},"type":"switch","locations":[{"start":{"line":9,"column":1},"end":{"line":13,"column":6}},{"start":{"line":14,"column":1},"end":{"line":18,"column":6}},{"start":{"line":19,"column":1},"end":{"line":20,"column":15}}],"line":8}},"s":{"0":1,"1":1,"2":1,"3":6,"4":3,"5":3,"6":3,"7":2,"8":2,"9":2,"10":1},"f":{"0":6,"1":3,"2":2},"b":{"0":[0],"1":[3,2,1]},"_coverageSchema":"1a1c01bbd47fc00a2c39e90264f33305004495a9","hash":"92cdfc1be76de703d2b9b75c151b92e8645128fa"}
}
