{"/Users/lcariddi/Desktop/Amalgama/Tech/Contact-List-React-JS/Contac-List-Migrate/src/App.js": {"path":"/Users/lcariddi/Desktop/Amalgama/Tech/Contact-List-React-JS/Contac-List-Migrate/src/App.js","statementMap":{"0":{"start":{"line":8,"column":2},"end":{"line":15,"column":4}}},"fnMap":{"0":{"name":"App","decl":{"start":{"line":7,"column":9},"end":{"line":7,"column":12}},"loc":{"start":{"line":7,"column":15},"end":{"line":16,"column":1}},"line":7}},"branchMap":{},"s":{"0":2},"f":{"0":2},"b":{},"_coverageSchema":"1a1c01bbd47fc00a2c39e90264f33305004495a9","hash":"f0328036402f85f002e50d02786e931dcfc0bfc6"}
,"/Users/lcariddi/Desktop/Amalgama/Tech/Contact-List-React-JS/Contac-List-Migrate/src/components/TableComponent.js": {"path":"/Users/lcariddi/Desktop/Amalgama/Tech/Contact-List-React-JS/Contac-List-Migrate/src/components/TableComponent.js","statementMap":{"0":{"start":{"line":6,"column":4},"end":{"line":45,"column":5}},"1":{"start":{"line":25,"column":24},"end":{"line":37,"column":25}}},"fnMap":{"0":{"name":"TableComponent","decl":{"start":{"line":5,"column":9},"end":{"line":5,"column":23}},"loc":{"start":{"line":5,"column":40},"end":{"line":46,"column":1}},"line":5},"1":{"name":"(anonymous_1)","decl":{"start":{"line":24,"column":33},"end":{"line":24,"column":34}},"loc":{"start":{"line":24,"column":38},"end":{"line":38,"column":25}},"line":24}},"branchMap":{"0":{"loc":{"start":{"line":23,"column":20},"end":{"line":41,"column":43}},"type":"cond-expr","locations":[{"start":{"line":24,"column":20},"end":{"line":39,"column":21}},{"start":{"line":41,"column":20},"end":{"line":41,"column":43}}],"line":23},"1":{"loc":{"start":{"line":23,"column":20},"end":{"line":23,"column":47}},"type":"binary-expr","locations":[{"start":{"line":23,"column":20},"end":{"line":23,"column":28}},{"start":{"line":23,"column":32},"end":{"line":23,"column":47}}],"line":23}},"s":{"0":0,"1":0},"f":{"0":0,"1":0},"b":{"0":[0,0],"1":[0,0]},"_coverageSchema":"1a1c01bbd47fc00a2c39e90264f33305004495a9","hash":"b3ef3ff800f1a66ae80b3b5469c147569d2c4cdb"}
,"/Users/lcariddi/Desktop/Amalgama/Tech/Contact-List-React-JS/Contac-List-Migrate/src/containers/contacts/ContainerListContacts.js": {"path":"/Users/lcariddi/Desktop/Amalgama/Tech/Contact-List-React-JS/Contac-List-Migrate/src/containers/contacts/ContainerListContacts.js","statementMap":{"0":{"start":{"line":9,"column":2},"end":{"line":9,"column":49}},"1":{"start":{"line":9,"column":26},"end":{"line":9,"column":47}},"2":{"start":{"line":12,"column":21},"end":{"line":12,"column":48}},"3":{"start":{"line":14,"column":22},"end":{"line":14,"column":50}},"4":{"start":{"line":17,"column":29},"end":{"line":17,"column":33}},"5":{"start":{"line":19,"column":2},"end":{"line":24,"column":9}},"6":{"start":{"line":28,"column":0},"end":{"line":31,"column":2}},"7":{"start":{"line":33,"column":0},"end":{"line":35,"column":2}},"8":{"start":{"line":37,"column":55},"end":{"line":40,"column":1}}},"fnMap":{"0":{"name":"(anonymous_0)","decl":{"start":{"line":8,"column":4},"end":{"line":8,"column":5}},"loc":{"start":{"line":8,"column":25},"end":{"line":10,"column":2}},"line":8},"1":{"name":"(anonymous_1)","decl":{"start":{"line":12,"column":4},"end":{"line":12,"column":5}},"loc":{"start":{"line":12,"column":19},"end":{"line":12,"column":50}},"line":12},"2":{"name":"(anonymous_2)","decl":{"start":{"line":14,"column":4},"end":{"line":14,"column":5}},"loc":{"start":{"line":14,"column":20},"end":{"line":14,"column":52}},"line":14},"3":{"name":"(anonymous_3)","decl":{"start":{"line":16,"column":1},"end":{"line":16,"column":2}},"loc":{"start":{"line":16,"column":10},"end":{"line":25,"column":5}},"line":16},"4":{"name":"(anonymous_4)","decl":{"start":{"line":37,"column":33},"end":{"line":37,"column":34}},"loc":{"start":{"line":37,"column":55},"end":{"line":40,"column":1}},"line":37}},"branchMap":{"0":{"loc":{"start":{"line":9,"column":2},"end":{"line":9,"column":49}},"type":"if","locations":[{"start":{"line":9,"column":2},"end":{"line":9,"column":49}},{"start":{"line":9,"column":2},"end":{"line":9,"column":49}}],"line":9}},"s":{"0":1,"1":1,"2":2,"3":1,"4":1,"5":1,"6":3,"7":3,"8":0},"f":{"0":1,"1":2,"2":1,"3":1,"4":0},"b":{"0":[1,0]},"_coverageSchema":"1a1c01bbd47fc00a2c39e90264f33305004495a9","hash":"20276076e5c4f2e4e70f22fb2ffe08c5af86c3ac"}
}
