TN:
SF:src/actions/contacts.js
FN:4,(anonymous_0)
FN:4,(anonymous_1)
FN:8,(anonymous_2)
FN:12,(anonymous_3)
FN:12,(anonymous_4)
FN:16,(anonymous_5)
FNF:6
FNH:4
FNDA:1,(anonymous_0)
FNDA:1,(anonymous_1)
FNDA:0,(anonymous_2)
FNDA:1,(anonymous_3)
FNDA:1,(anonymous_4)
FNDA:0,(anonymous_5)
DA:4,4
DA:8,0
DA:12,4
DA:16,0
LF:4
LH:2
BRF:0
BRH:0
end_of_record
TN:
SF:src/actions/types.js
FNF:0
FNH:0
DA:2,5
DA:3,5
LF:2
LH:2
BRF:0
BRH:0
end_of_record
TN:
SF:src/components/FormComponent.js
FN:3,FormComponent
FNF:1
FNH:1
FNDA:2,FormComponent
DA:4,2
DA:6,2
LF:2
LH:2
BRDA:4,0,0,0
BRDA:4,0,1,2
BRF:2
BRH:1
end_of_record
TN:
SF:src/components/TableComponent.js
FN:5,TableComponent
FN:24,(anonymous_1)
FNF:2
FNH:2
FNDA:1,TableComponent
FNDA:2,(anonymous_1)
DA:6,1
DA:25,2
LF:2
LH:2
BRDA:23,0,0,1
BRDA:23,0,1,0
BRDA:23,1,0,1
BRDA:23,1,1,1
BRF:4
BRH:3
end_of_record
TN:
SF:src/containers/contacts/ContainerListContacts.js
FN:8,(anonymous_0)
FN:12,(anonymous_1)
FN:14,(anonymous_2)
FN:16,(anonymous_3)
FN:37,(anonymous_4)
FNF:5
FNH:4
FNDA:1,(anonymous_0)
FNDA:2,(anonymous_1)
FNDA:1,(anonymous_2)
FNDA:1,(anonymous_3)
FNDA:0,(anonymous_4)
DA:9,1
DA:12,2
DA:14,1
DA:17,1
DA:19,1
DA:28,2
DA:33,2
DA:37,0
LF:8
LH:7
BRDA:9,0,0,1
BRDA:9,0,1,0
BRF:2
BRH:1
end_of_record
TN:
SF:src/containers/contacts/ContainerViewContact.js
FN:8,(anonymous_0)
FN:13,(anonymous_1)
FN:15,(anonymous_2)
FN:17,(anonymous_3)
FN:38,(anonymous_4)
FNF:5
FNH:4
FNDA:1,(anonymous_0)
FNDA:2,(anonymous_1)
FNDA:1,(anonymous_2)
FNDA:1,(anonymous_3)
FNDA:0,(anonymous_4)
DA:9,1
DA:10,1
DA:13,2
DA:15,1
DA:18,1
DA:20,1
DA:29,2
DA:34,2
DA:38,0
LF:9
LH:8
BRDA:10,0,0,1
BRDA:10,0,1,0
BRF:2
BRH:1
end_of_record
TN:
SF:src/lib/reduxUtils.js
FN:5,(anonymous_0)
FN:6,(anonymous_1)
FN:9,(anonymous_2)
FN:12,(anonymous_3)
FN:17,(anonymous_4)
FN:18,(anonymous_5)
FN:34,(anonymous_6)
FNF:7
FNH:7
FNDA:3,(anonymous_0)
FNDA:1,(anonymous_1)
FNDA:1,(anonymous_2)
FNDA:1,(anonymous_3)
FNDA:2,(anonymous_4)
FNDA:3,(anonymous_5)
FNDA:5,(anonymous_6)
DA:3,1
DA:5,3
DA:6,1
DA:9,1
DA:12,1
DA:17,1
DA:18,2
DA:19,3
DA:20,1
DA:23,3
DA:24,3
DA:26,3
DA:28,0
DA:30,0
DA:34,1
DA:35,5
LF:16
LH:14
BRDA:17,0,0,2
BRDA:18,1,0,0
BRDA:19,2,0,1
BRDA:19,2,1,2
BRDA:24,3,0,3
BRDA:24,3,1,0
BRDA:24,3,2,0
BRF:7
BRH:4
end_of_record
TN:
SF:src/reducers/contacts.js
FN:7,(anonymous_0)
FN:10,(anonymous_1)
FN:15,(anonymous_2)
FNF:3
FNH:3
FNDA:6,(anonymous_0)
FNDA:3,(anonymous_1)
FNDA:2,(anonymous_2)
DA:4,1
DA:5,1
DA:7,1
DA:8,6
DA:10,3
DA:11,3
DA:12,3
DA:15,2
DA:16,2
DA:17,2
DA:20,1
LF:11
LH:11
BRDA:7,0,0,0
BRDA:8,1,0,3
BRDA:8,1,1,2
BRDA:8,1,2,1
BRF:4
BRH:3
end_of_record
