TN:
SF:src/App.js
FN:7,App
FNF:1
FNH:1
FNDA:2,App
DA:8,2
LF:1
LH:1
BRF:0
BRH:0
end_of_record
TN:
SF:src/components/TableComponent.js
FN:5,TableComponent
FN:24,(anonymous_1)
FNF:2
FNH:0
FNDA:0,TableComponent
FNDA:0,(anonymous_1)
DA:6,0
DA:25,0
LF:2
LH:0
BRDA:23,0,0,0
BRDA:23,0,1,0
BRDA:23,1,0,0
BRDA:23,1,1,0
BRF:4
BRH:0
end_of_record
TN:
SF:src/containers/contacts/ContainerListContacts.js
FN:8,(anonymous_0)
FN:12,(anonymous_1)
FN:14,(anonymous_2)
FN:16,(anonymous_3)
FN:37,(anonymous_4)
FNF:5
FNH:4
FNDA:1,(anonymous_0)
FNDA:2,(anonymous_1)
FNDA:1,(anonymous_2)
FNDA:1,(anonymous_3)
FNDA:0,(anonymous_4)
DA:9,1
DA:12,2
DA:14,1
DA:17,1
DA:19,1
DA:28,3
DA:33,3
DA:37,0
LF:8
LH:7
BRDA:9,0,0,1
BRDA:9,0,1,0
BRF:2
BRH:1
end_of_record
